0000000000000000 0000000000000004 b fsdev_last_result
0000000000000000 a __start__
0000000000000000 T _start
0000000000000000 b _TLS_MODULE_BASE_
0000000000000008 0000000000000401 B __nx_dev_path_buf
00000000000000e0 T __nx_exit
00000000000000f0 T __nx_mod0
0000000000000140 0000000000000034 T exit
0000000000000180 00000000000000a4 T main
0000000000000240 t __do_global_dtors_aux
00000000000002a0 t frame_dummy
00000000000002d0 0000000000000018 t _appletInfiniteSleepLoop
00000000000002f0 0000000000000108 t _appletCmdGetSession
0000000000000400 00000000000000cc t _appletCmdInU8NoOut
000000000000040c 0000000000000004 b g_fsPriority
00000000000004d0 0000000000000104 t _appletGetLaunchReason
00000000000005e0 00000000000000e4 t _appletSetFocusHandlingMode
00000000000006d0 00000000000000cc t _appletCmdInU32NoOut
00000000000007a0 0000000000000138 t _appletGetSessionProxy.constprop.0
00000000000008e0 0000000000000154 t _appletOpenLibraryAppletProxy.constprop.0
0000000000000a40 00000000000000d0 t _appletCmdGetHandle.constprop.0.isra.0
0000000000000b10 00000000000000d4 t _appletCmdNoInOutU8.isra.0
0000000000000bf0 00000000000000d4 t _appletCmdNoInOutU32.isra.0
0000000000000cd0 00000000000000d4 t _appletCmdNoInOutU64.isra.0
0000000000000db0 00000000000000c0 t _appletCmdNoIO.isra.0
0000000000000e70 0000000000000010 T appletGetAppletType
0000000000000e80 0000000000000108 T appletSetFocusHandlingMode
0000000000000f90 000000000000005c T appletSetCpuBoostMode
0000000000000ff0 000000000000002c T appletCreateManagedDisplayLayer
0000000000001020 000000000000000c T appletGetAppletResourceUserId
0000000000001030 00000000000000f4 t _appletGetIndirectLayerConsumerHandle
0000000000001130 0000000000000088 t _appletHolderCreateState
00000000000011c0 00000000000000b0 T appletHolderClose
0000000000001270 0000000000000024 T appletHolderGetLibraryAppletInfo
00000000000012a0 0000000000000090 T appletNotifyRunning
0000000000001330 000000000000008c T appletSetGamePlayRecordingState
00000000000013c0 0000000000000ad4 t _appletCleanup
0000000000001ea0 0000000000000044 T appletExit
0000000000001ef0 0000000000000040 T appletGetLibraryAppletInfo
0000000000001f30 0000000000000a98 T appletInitialize
00000000000029d0 0000000000000024 t _appletExitProcess
0000000000002a00 0000000000000074 T appletGetMessage
0000000000002a80 000000000000027c T appletProcessMessage
0000000000002d00 0000000000000034 T appletMainLoop
0000000000002d40 00000000000000d0 t _smCmifCmdInPid
0000000000002e10 0000000000000068 t _smCleanup
0000000000002e80 0000000000000048 T smAddOverrideHandle
0000000000002ed0 0000000000000054 T smGetServiceOverride
0000000000002f30 00000000000001bc T smInitialize
00000000000030f0 0000000000000044 T smExit
0000000000003140 00000000000000d0 T smGetServiceOriginal
0000000000003210 0000000000000120 T smGetServiceWrapper
0000000000003330 000000000000001c W diagAbortWithResult
0000000000003350 0000000000000208 T envSetup
0000000000003560 0000000000000020 T envGetMainThreadHandle
0000000000003580 000000000000000c T envIsNso
0000000000003590 0000000000000014 T envHasHeapOverride
00000000000035b0 000000000000000c T envGetHeapOverrideAddr
00000000000035c0 000000000000000c T envGetHeapOverrideSize
00000000000035d0 0000000000000014 T envHasArgv
00000000000035f0 000000000000000c T envGetArgv
0000000000003600 000000000000000c T envGetExitFuncPtr
0000000000003610 000000000000000c T envSetExitFuncPtr
0000000000003620 000000000000000c T envHasRandomSeed
0000000000003630 0000000000000010 T envGetRandomSeed
0000000000003640 0000000000000014 T hosversionGet
0000000000003660 0000000000000010 T hosversionSet
0000000000003670 000000000000009c T padConfigureInput
0000000000003710 0000000000000024 T padInitializeWithMask
0000000000003740 00000000000002a8 T padUpdate
00000000000039f0 0000000000000048 t consoleDrawChar
0000000000003a40 000000000000020c t parseColor
0000000000003c50 00000000000000b0 t consoleNewRow
0000000000003d00 0000000000000c44 t con_write
0000000000004950 0000000000000154 T consoleInit
0000000000004ab0 0000000000000048 T consoleExit
0000000000004b00 000000000000002c T consoleUpdate
0000000000004b30 00000000000001c8 t ConsoleSwRenderer_drawChar
0000000000004d00 00000000000000fc t ConsoleSwRenderer_init
0000000000004e00 0000000000000070 t ConsoleSwRenderer_flushAndSwap
0000000000004e70 00000000000000d4 t ConsoleSwRenderer_scrollWindow
0000000000004f50 000000000000004c t ConsoleSwRenderer_deinit
0000000000004fa0 000000000000000c W getDefaultConsoleRenderer
0000000000004fac T svcSetHeapSize
0000000000004fc0 T svcSetMemoryPermission
0000000000004fc8 T svcSetMemoryAttribute
0000000000004fd0 T svcUnmapMemory
0000000000004fd8 T svcQueryMemory
0000000000004fec T svcExitProcess
0000000000004ff4 T svcSleepThread
0000000000004ffc T svcMapSharedMemory
0000000000005004 T svcUnmapSharedMemory
000000000000500c T svcCreateTransferMemory
0000000000005020 T svcCloseHandle
0000000000005028 T svcResetSignal
0000000000005030 T svcWaitSynchronization
0000000000005044 T svcArbitrateLock
000000000000504c T svcArbitrateUnlock
0000000000005054 T svcWaitProcessWideKeyAtomic
000000000000505c T svcSignalProcessWideKey
0000000000005064 T svcConnectToNamedPort
0000000000005078 T svcSendSyncRequest
0000000000005080 T svcBreak
0000000000005088 T svcReturnFromException
0000000000005090 T svcGetInfo
00000000000050a4 T svcUnmapTransferMemory
00000000000050b0 000000000000000c T eventLoadRemote
00000000000050c0 0000000000000038 T eventWait
0000000000005100 0000000000000050 T eventClose
0000000000005150 0000000000000080 T mutexLock
00000000000051d0 0000000000000068 T mutexUnlock
0000000000005240 000000000000001c T mutexIsLockedByCurrentThread
0000000000005260 000000000000004c T rmutexLock
00000000000052b0 000000000000001c T rmutexUnlock
00000000000052d0 00000000000000a8 T tmemCreate
0000000000005380 0000000000000034 T tmemUnmap
00000000000053c0 0000000000000038 T tmemCloseHandle
0000000000005400 00000000000000c8 T tmemWaitForPermission
00000000000054d0 0000000000000054 T tmemClose
0000000000005530 0000000000000064 t _memregionInitWithInfo
00000000000055a0 0000000000000004 W __libnx_virtmem_rng
00000000000055b0 0000000000000164 t _memregionFindRandom
0000000000005720 0000000000000140 T virtmemSetup
0000000000005860 000000000000000c T virtmemLock
0000000000005870 000000000000000c T virtmemUnlock
0000000000005880 0000000000000050 T virtmemFindAslr
00000000000058d0 000000000000056c T waitObjects
0000000000005e40 00000000000000c0 t _apmCleanup
0000000000005f00 00000000000000fc t _apmCmdGetSession.constprop.0
0000000000006000 00000000000000a0 T apmInitialize
00000000000060a0 0000000000000044 T apmExit
00000000000060f0 00000000000000c8 T apmSetPerformanceConfiguration
00000000000061c0 0000000000000108 t _hidCleanup
00000000000062d0 00000000000000d8 t _hidCmdInAruidNoOut
00000000000063b0 00000000000000e4 t _hidCmdInU32AruidNoOut
00000000000064a0 00000000000001a4 t _hidGetStates
0000000000006650 0000000000000114 t _hidCreateAppletResource.constprop.0
0000000000006770 00000000000000c8 t _hidCmdGetHandle.constprop.0
0000000000006840 00000000000000dc T hidInitialize
0000000000006920 0000000000000044 T hidExit
0000000000006970 000000000000000c T hidGetSharedmemAddr
0000000000006980 0000000000000090 T hidGetNpadStyleSet
0000000000006a10 000000000000006c T hidInitializeNpad
0000000000006a80 00000000000000a8 T hidGetNpadStatesFullKey
0000000000006b30 00000000000000a8 T hidGetNpadStatesHandheld
0000000000006be0 00000000000000a8 T hidGetNpadStatesJoyDual
0000000000006c90 00000000000000a8 T hidGetNpadStatesJoyLeft
0000000000006d40 00000000000000a8 T hidGetNpadStatesJoyRight
0000000000006df0 0000000000000158 T hidGetNpadStatesGc
0000000000006f50 00000000000000ac T hidGetNpadStatesSystemExt
0000000000007000 0000000000000008 T hidSetSupportedNpadStyleSet
0000000000007010 0000000000000100 T hidSetSupportedNpadIdType
0000000000007110 000000000000000c T nwindowGetDefault
0000000000007120 00000000000000b0 T __nx_win_init
00000000000071d0 0000000000000034 T __nx_win_exit
0000000000007210 000000000000008c T framebufferMakeLinear
00000000000072a0 0000000000000080 T framebufferClose
0000000000007320 00000000000002b4 T framebufferCreate
00000000000075e0 0000000000000088 T framebufferBegin
0000000000007670 000000000000018c T framebufferEnd
0000000000007800 0000000000000024 T nwindowIsValid
0000000000007830 000000000000007c T nwindowClose
00000000000078b0 00000000000000f4 T nwindowCreate
00000000000079b0 0000000000000034 T nwindowCreateFromLayer
00000000000079f0 0000000000000084 T nwindowSetDimensions
0000000000007a80 000000000000018c T nwindowConfigureBuffer
0000000000007c10 00000000000001e0 T nwindowDequeueBuffer
0000000000007df0 000000000000013c T nwindowQueueBuffer
0000000000007f30 0000000000000094 T nwindowReleaseBuffers
0000000000007fd0 0000000000000004 W __libnx_alloc
0000000000007fe0 0000000000000014 W __libnx_aligned_alloc
0000000000008000 0000000000000004 W __libnx_free
0000000000008010 0000000000000340 W argvSetup
0000000000008350 0000000000000168 T __nx_dynamic
00000000000084c0 00000000000000d4 W __libnx_initheap
00000000000085a0 00000000000000ec W __appInit
0000000000008690 0000000000000044 W __appExit
00000000000086e0 000000000000002c W __libnx_init
0000000000008710 000000000000001c W __libnx_exit
0000000000008730 000000000000001c T __syscall_exit
0000000000008750 0000000000000030 T __syscall_getreent
0000000000008780 0000000000000004 T __syscall_lock_acquire
0000000000008790 0000000000000004 T __syscall_lock_release
00000000000087a0 0000000000000004 T __syscall_lock_acquire_recursive
00000000000087b0 0000000000000004 T __syscall_lock_release_recursive
00000000000087c0 0000000000000238 T __libnx_init_time
0000000000008a00 000000000000009c T newlibSetup
0000000000008aa0 00000000000000c4 T nxlinkSetup
0000000000008b70 0000000000000014 t fsdev_link
0000000000008b90 0000000000000014 t fsdev_dirreset
0000000000008bb0 0000000000000014 t fsdev_chmod
0000000000008bd0 0000000000000018 t error_cmp
0000000000008bf0 0000000000000020 t fsdev_dirclose
0000000000008c10 000000000000001c t fsdev_close
0000000000008c30 000000000000007c t fsdev_converttimetoutc
0000000000008cb0 00000000000000dc t fsdevFindDevice.part.0
0000000000008d90 00000000000001d4 t fsdev_fixpath
0000000000008f70 00000000000000a0 t _fsdevUnmountDeviceStruct.part.0
0000000000009010 0000000000000014 t fsdev_fchmod
0000000000009030 00000000000000fc t fsdev_diropen
0000000000009130 0000000000000100 t fsdev_statvfs
0000000000009230 000000000000007c t fsdev_fsync
00000000000092b0 00000000000000f4 t fsdev_fstat
00000000000093b0 0000000000000094 t fsdev_ftruncate
0000000000009450 00000000000001fc t fsdev_stat
0000000000009650 000000000000014c t fsdev_rename
00000000000097a0 0000000000000140 t fsdev_chdir
00000000000098e0 00000000000000a4 t fsdev_rmdir
0000000000009990 00000000000000a4 t fsdev_mkdir
0000000000009a40 00000000000000a4 t fsdev_unlink
0000000000009af0 0000000000000144 t fsdev_write_safe
0000000000009c40 000000000000013c t fsdev_read_safe
0000000000009d80 0000000000000100 t fsdev_read
0000000000009e80 00000000000001cc t fsdev_dirnext
000000000000a050 0000000000000124 t fsdev_write
000000000000a180 00000000000000e0 t fsdev_seek
000000000000a260 0000000000000250 t fsdev_open
000000000000a4b0 0000000000000228 T fsdevMountDevice
000000000000a6e0 0000000000000040 T fsdevMountSdmc
000000000000a720 00000000000000c0 T __libnx_init_cwd
000000000000a7e0 0000000000000064 T fsdevUnmountAll
000000000000a850 000000000000012c T decode_utf8
000000000000a97c T armDCacheFlush
000000000000a9ac t armDCacheFlush_L0
000000000000a9c8 W __libnx_exception_entry
000000000000aa54 t __libnx_exception_entry_start
000000000000ab7c t __libnx_exception_entry_abort
000000000000ab80 t __libnx_exception_entry_end
000000000000ab88 T __libnx_exception_returnentry
000000000000aba0 T __aarch64_read_tp
000000000000abb0 0000000000000064 T condvarWaitTimeout
000000000000ac20 00000000000003c4 T randomGet
000000000000aff0 0000000000000020 T randomGet64
000000000000b010 0000000000000014 T shmemLoadRemote
000000000000b030 0000000000000088 T shmemMap
000000000000b0c0 0000000000000034 T shmemUnmap
000000000000b100 0000000000000044 T shmemClose
000000000000b150 00000000000000b0 T __libnx_init_thread
000000000000b200 00000000000000b4 t _fsCleanup
000000000000b2c0 00000000000001ac t _fsCmdNoIO
000000000000b470 00000000000001d4 t _fsFsCmdWithInPath
000000000000b650 00000000000001f0 t _fsFsCmdWithTwoInPaths
000000000000b840 000000000000026c t _fsFsOpenCommon
000000000000bab0 00000000000001e8 t _fsFsCmdWithInPathAndOutU64
000000000000bca0 00000000000000f4 t _fsObjectClose
000000000000bda0 000000000000017c t _fsCmdGetSession.constprop.0
000000000000bf20 00000000000002f8 T fsInitialize
000000000000c220 0000000000000044 T fsExit
000000000000c270 0000000000000008 T fsOpenSdCardFileSystem
000000000000c280 00000000000001e4 T fsFsCreateFile
000000000000c470 0000000000000008 T fsFsDeleteFile
000000000000c480 0000000000000008 T fsFsCreateDirectory
000000000000c490 0000000000000008 T fsFsDeleteDirectory
000000000000c4a0 0000000000000008 T fsFsRenameFile
000000000000c4b0 0000000000000008 T fsFsRenameDirectory
000000000000c4c0 00000000000001e8 T fsFsGetEntryType
000000000000c6b0 0000000000000008 T fsFsOpenFile
000000000000c6c0 0000000000000008 T fsFsOpenDirectory
000000000000c6d0 0000000000000008 T fsFsGetFreeSpace
000000000000c6e0 0000000000000008 T fsFsGetTotalSpace
000000000000c6f0 0000000000000228 T fsFsGetFileTimeStampRaw
000000000000c920 0000000000000004 T fsFsClose
000000000000c930 0000000000000210 T fsFileRead
000000000000cb40 00000000000001f8 T fsFileWrite
000000000000cd40 0000000000000008 T fsFileFlush
000000000000cd50 00000000000001b8 T fsFileSetSize
000000000000cd50 00000000000001b8 t fsFileSetSize.localalias
000000000000cf10 00000000000001c0 T fsFileGetSize
000000000000cf10 00000000000001c0 t fsFileGetSize.localalias
000000000000d0d0 0000000000000004 T fsFileClose
000000000000d0e0 0000000000000004 T fsDirClose
000000000000d0f0 00000000000001f8 T fsDirRead
000000000000d2f0 00000000000000d0 t _nvSetClientPID
000000000000d3c0 00000000000000c8 t _nvCleanup
000000000000d490 00000000000000d8 t _nvCmdInitialize.constprop.0
000000000000d570 000000000000001c W __nx_nv_create_tmem
000000000000d590 00000000000002d8 T nvInitialize
000000000000d870 0000000000000044 T nvExit
000000000000d8c0 00000000000000f4 T nvConvertError
000000000000d9c0 0000000000000118 T nvOpen
000000000000dae0 00000000000002f8 T nvIoctl
000000000000dde0 00000000000000d8 T nvClose
000000000000dec0 0000000000000110 T nvQueryEvent
000000000000dfd0 00000000000000d4 t _setsysGetFirmwareVersionImpl
000000000000e0b0 0000000000000068 t _setsysCleanup
000000000000e120 00000000000000a0 T setsysInitialize
000000000000e1c0 0000000000000044 T setsysExit
000000000000e210 0000000000000044 T setsysGetFirmwareVersion
000000000000e260 0000000000000228 t _timeCleanup
000000000000e490 0000000000000100 t _timeCmdGetSession.constprop.0
000000000000e590 00000000000000cc t _timeGetSharedMemoryNativeHandle.constprop.0
000000000000e660 00000000000000c4 t _timeCmdNoInOutU64.constprop.0.isra.0
000000000000e730 0000000000000104 t _timeReadClockFromSharedMem
000000000000e840 0000000000000238 T timeInitialize
000000000000ea80 0000000000000044 T timeExit
000000000000ead0 0000000000000038 T timeGetServiceSession_SystemClock
000000000000eb10 0000000000000068 T timeGetCurrentTime
000000000000eb80 0000000000000110 T timeToCalendarTimeWithMyRule
000000000000ec90 0000000000000104 T timeToPosixTimeWithMyRule
000000000000eda0 00000000000001dc t _viCleanup
000000000000ef80 0000000000000100 t _viCmdGetSessionNoParams.constprop.0
000000000000f080 00000000000000fc t _viCmdGetSession.constprop.0
000000000000f180 0000000000000284 T viInitialize
000000000000f410 0000000000000044 T viExit
000000000000f460 000000000000000c T viGetSession_IHOSBinderDriverRelay
000000000000f470 0000000000000118 T viOpenDisplay
000000000000f590 00000000000000f4 T viCloseDisplay
000000000000f690 00000000000000fc T viCloseLayer
000000000000f790 0000000000000374 T viCreateLayer
000000000000fb10 00000000000000d8 T viSetLayerScalingMode
000000000000fbf0 000000000000007c t _nvFenceCleanup
000000000000fc70 0000000000000098 T nvFenceInit
000000000000fd10 0000000000000044 T nvFenceExit
000000000000fd60 0000000000000240 T nvFenceWait
000000000000ffa0 0000000000000074 T nvMultiFenceWait
0000000000010020 00000000000000b4 T nvMapInit
00000000000100e0 000000000000006c T nvMapExit
0000000000010150 0000000000000080 T nvMapClose
00000000000101d0 0000000000000154 T nvMapCreate
0000000000010330 0000000000000028 T nvioctlNvhostCtrl_EventSignal
0000000000010360 0000000000000044 T nvioctlNvhostCtrl_EventWait
00000000000103b0 0000000000000030 T nvioctlNvhostCtrl_EventWaitAsync
00000000000103e0 0000000000000028 T nvioctlNvhostCtrl_EventRegister
0000000000010410 0000000000000028 T nvioctlNvhostCtrl_EventUnregister
0000000000010440 0000000000000040 T nvioctlNvmap_Create
0000000000010480 0000000000000038 T nvioctlNvmap_Alloc
00000000000104c0 0000000000000034 T nvioctlNvmap_Free
0000000000010500 0000000000000040 T nvioctlNvmap_GetId
0000000000010540 000000000000001c T binderCreate
0000000000010560 0000000000000368 T binderTransactParcel
00000000000108d0 00000000000000e8 T binderConvertErrorCode
00000000000109c0 0000000000000128 T binderAdjustRefcount
0000000000010af0 0000000000000098 T binderInitSession
0000000000010b90 0000000000000068 T binderClose
0000000000010c00 000000000000015c T binderGetNativeHandle
0000000000010d60 00000000000000d8 T bqRequestBuffer
0000000000010e40 0000000000000160 T bqDequeueBuffer
0000000000010fa0 00000000000000dc T bqQueueBuffer
0000000000011080 0000000000000094 T bqCancelBuffer
0000000000011120 00000000000000e4 T bqConnect
0000000000011210 000000000000009c T bqDisconnect
00000000000112b0 000000000000017c T bqSetPreallocatedBuffer
0000000000011430 0000000000000030 T parcelCreate
0000000000011460 0000000000000198 T parcelTransact
0000000000011600 0000000000000088 T parcelWriteData
0000000000011690 0000000000000098 T parcelReadData
0000000000011730 0000000000000020 T parcelWriteInt32
0000000000011750 0000000000000020 T parcelWriteUInt32
0000000000011770 000000000000007c T parcelWriteString16
00000000000117f0 0000000000000030 T parcelWriteInterfaceToken
0000000000011820 0000000000000024 T parcelReadInt32
0000000000011850 0000000000000068 T parcelReadFlattenedObject
00000000000118c0 000000000000004c T parcelWriteFlattenedObject
0000000000011910 0000000000000178 T sessionmgrCreate
0000000000011a90 0000000000000084 T sessionmgrClose
0000000000011b20 00000000000000b4 T sessionmgrAttachClient
0000000000011be0 0000000000000070 T sessionmgrDetachClient
0000000000011c60 000000000000003c T setenv
0000000000011ca0 00000000000001a4 t _strtoul_l.isra.0
0000000000011e60 0000000000000044 T _strtoul_r
0000000000011ec0 0000000000000048 T strtoul
0000000000011f40 0000000000000130 T strlen
0000000000012080 0000000000000080 T strncat
0000000000012100 00000000000000b8 T bsearch
00000000000121c0 00000000000000dc T memchr
00000000000122a0 000000000000002c T aligned_alloc
0000000000012300 00000000000001b4 T strncmp
00000000000124c0 0000000000000134 T strcmp
0000000000012600 00000000000000b8 T strnlen
00000000000126c0 000000000000001c t stdio_exit_handler
00000000000126e0 000000000000006c t cleanup_stdio
0000000000012760 0000000000000134 t global_stdio_init.part.0
00000000000128a0 000000000000000c T __sfp_lock_acquire
00000000000128c0 000000000000000c T __sfp_lock_release
00000000000128e0 0000000000000054 T __sinit
0000000000012940 00000000000007e8 T _malloc_r
0000000000013140 000000000000022c T memcpy
0000000000013140 T memmove
0000000000013380 0000000000000124 T _malloc_trim_r
00000000000134c0 00000000000002d4 T _free_r
00000000000137a0 0000000000000278 T setvbuf
0000000000013a20 0000000000000014 T __errno
0000000000013a40 0000000000000044 T malloc
0000000000013aa0 0000000000000024 T free
0000000000013ae0 00000000000000b4 T sscanf
0000000000013ba0 00000000000000d0 T _puts_r
0000000000013c80 0000000000000024 T puts
0000000000013cc0 000000000000002c T gmtime
0000000000013d00 0000000000000098 T _fwalk_sglue
0000000000013da0 000000000000000c T __malloc_lock
0000000000013dc0 000000000000000c T __malloc_unlock
0000000000013e00 0000000000000104 T memset
0000000000013f20 0000000000000254 T _setenv_r
0000000000014180 0000000000000004 W __call_exitprocs
0000000000014184 0000000000000074 t get_arg
00000000000141f8 00000000000032d0 T __ssvfscanf_r
00000000000174e0 000000000000008c T strncpy
0000000000017580 00000000000001a4 t _strtoull_l.isra.0
0000000000017740 0000000000000044 T _strtoull_r
00000000000177a0 00000000000000f0 T _mbrtowc_r
00000000000178a0 0000000000000090 T __libc_init_array
0000000000017940 00000000000001e8 T __sflush_r
0000000000017b40 00000000000000b8 T _fflush_r
0000000000017c00 000000000000000c T nanf
0000000000017c20 000000000000000c T __env_lock
0000000000017c40 000000000000000c T __env_unlock
0000000000017c60 0000000000000494 T __sfvwrite_r
0000000000018100 00000000000002e8 t _strtoll_l.isra.0
0000000000018400 0000000000000044 T _strtoll_r
0000000000018460 000000000000002c T __locale_mb_cur_max
00000000000184a0 0000000000000054 t sulp
0000000000018500 0000000000001210 T _strtod_l
0000000000019720 0000000000000050 T _strtod_r
0000000000019780 00000000000002a0 T gmtime_r
0000000000019a20 00000000000000a0 T sprintf
0000000000019ac0 000000000000017c T _memalign_r
0000000000019c3c 00000000000000f0 T _sungetc_r
0000000000019d2c 0000000000000070 T __ssrefill_r
0000000000019d9c 00000000000000e0 T _sfread_r
0000000000019e80 000000000000011c t rshift
0000000000019fa0 00000000000008c4 T __gethex
000000000001a880 00000000000002dc T __utf8_mbtowc
000000000001ab60 0000000000000044 T __libc_fini_array
000000000001abc0 00000000000000cc T strchr
000000000001aca0 000000000000004c T __sread
000000000001ad00 0000000000000008 T __seofread
000000000001ad20 0000000000000068 T __swrite
000000000001ada0 0000000000000050 T __sseek
000000000001ae00 0000000000000008 T __sclose
000000000001ae20 0000000000000008 T iswspace
000000000001ae40 00000000000000d4 T __sccl
000000000001af20 0000000000000134 T _fclose_r
000000000001b060 0000000000000008 T __localeconv_l
000000000001b080 0000000000000028 T _localeconv_r
000000000001b0c0 0000000000000094 T __swhatbuf_r
000000000001b160 00000000000000fc T __smakebuf_r
000000000001b260 000000000000002c T realloc
000000000001b28c 0000000000000790 t get_arg
000000000001ba1c 0000000000003c0c T _svfprintf_r
000000000001f640 00000000000002e8 t _strtol_l.part.0
000000000001f940 0000000000000070 T _strtol_r
000000000001f9c0 0000000000000104 T _findenv_r
000000000001fae0 000000000000009c T stpncpy
000000000001fb80 000000000000053c T _realloc_r
00000000000200c0 00000000000000e4 T __utf8_wctomb
00000000000201c0 0000000000000010 T _wcsrtombs_r
00000000000201e0 0000000000000048 T __match
0000000000020240 000000000000025c T __hexnan
00000000000204a0 0000000000000180 T __swsetup_r
0000000000020620 000000000000000c T nan
0000000000020640 0000000000000078 T frexp
00000000000206c0 00000000000000b8 T __submore
0000000000020780 0000000000000064 T __assert_func
0000000000020800 0000000000000048 T iswspace_l
0000000000020860 000000000000008c T _Balloc
0000000000020900 0000000000000020 T _Bfree
0000000000020920 0000000000000108 T __multadd
0000000000020a40 000000000000013c T __s2b
0000000000020b80 0000000000000094 T __hi0bits
0000000000020c20 00000000000000fc T __lo0bits
0000000000020d20 000000000000004c T __i2b
0000000000020d80 00000000000001ec T __multiply
0000000000020f80 00000000000000fc T __pow5mult
0000000000021080 0000000000000174 T __lshift
0000000000021200 0000000000000050 T __mcmp
0000000000021260 00000000000001c4 T __mdiff
0000000000021440 0000000000000084 T __ulp
00000000000214e0 0000000000000168 T __b2d
0000000000021660 0000000000000154 T __d2b
00000000000217c0 00000000000000ac T __ratio
0000000000021880 0000000000000078 T __copybits
0000000000021900 000000000000006c T __any_on
0000000000021980 00000000000000c8 T __ssprint_r
0000000000021a60 0000000000000078 T fiprintf
0000000000021ae0 0000000000000188 T _wcsnrtombs_l
0000000000021c80 0000000000000074 T _wcsnrtombs_r
0000000000021d00 0000000000000018 T abort
0000000000021d20 00000000000000c0 T _calloc_r
0000000000021de0 00000000000001a4 t quorem
0000000000021fa0 0000000000001304 T _dtoa_r
00000000000232c0 00000000000000d8 T _wcrtomb_r
00000000000233a0 000000000000007c T category
0000000000023420 0000000000000188 T __ssputs_r
00000000000235c0 00000000000000a4 T _raise_r
0000000000023680 0000000000000024 T raise
00000000000236a4 0000000000000790 t get_arg
0000000000023e34 000000000000294c T _vfiprintf_r
0000000000026780 00000000000000d4 t __sbprintf
0000000000026860 0000000000000044 T __sprint_r
00000000000268c0 0000000000000020 T _exit
00000000000268e0 0000000000000170 T chdir
0000000000026a60 000000000000021c T _concatenate_path
0000000000026c80 0000000000000094 T _fstat_r
0000000000026d20 0000000000000014 T _getpid_r
0000000000026d40 0000000000000020 T __getreent
0000000000026d60 0000000000000050 T __get_handle
0000000000026dc0 0000000000000108 T _close_r
0000000000026ee0 0000000000000008 t null_write
0000000000026f00 0000000000000018 T setDefaultDevice
0000000000026f20 0000000000000114 T FindDevice
0000000000027040 0000000000000034 T RemoveDevice
0000000000027080 00000000000000c8 T AddDevice
0000000000027160 0000000000000034 T GetDeviceOpTab
00000000000271a0 0000000000000008 T _isatty_r
00000000000271c0 0000000000000014 T _kill_r
00000000000271e0 00000000000000a4 T _lseek_r
00000000000272a0 00000000000000ac T _read_r
0000000000027360 0000000000000078 W _sbrk_r
00000000000273e0 0000000000000014 T __libc_lock_acquire
0000000000027400 0000000000000014 T __libc_lock_release
0000000000027420 0000000000000014 T __libc_lock_acquire_recursive
0000000000027440 0000000000000014 T __libc_lock_release_recursive
0000000000027460 00000000000000ac T _write_r
0000000000027520 0000000000000130 t __extenddftf2
0000000000027660 00000000000003c4 t __trunctfdf2
0000000000027a40 0000000000000070 t __sfp_handle_exceptions
0000000000027ac0 0000000000000104 T strrchr
0000000000027bc8 T _init
0000000000027c00 T _fini
000000000002a9a0 0000000000000014 r CSWTCH.1001
000000000002aaa0 0000000000000018 r grayScale
000000000002aab8 0000000000000006 r colorCube
000000000002aac0 0000000000000030 r colorTable
000000000002aaf0 R default_font_bin
000000000002caf0 R default_font_bin_end
000000000002caf0 0000000000000038 r g_nvColorFmtTable
000000000002cb28 0000000000000020 r error_table
000000000002cbb0 0000000000000023 r g_bq_InterfaceDescriptor
000000000002cbf0 0000000000000101 R _ctype_
000000000002ce40 0000000000000022 r basefix.0
000000000002ce68 0000000000000014 r fpinan.0
000000000002ce80 0000000000000014 r fpi.1
000000000002cea0 0000000000000028 r tinytens
000000000002cef8 0000000000000100 R __hexdig
000000000002d0f0 0000000000000010 r zeroes.0
000000000002d100 0000000000000010 r blanks.1
000000000002d110 000000000000006c R __action_table
000000000002d180 000000000000006c R __state_table
000000000002d1f0 0000000000000100 R __chclass
000000000002d2f0 000000000000000c r p05.0
000000000002d300 0000000000000028 R __mprec_bigtens
000000000002d328 00000000000000c8 R __mprec_tens
000000000002d3f0 00000000000035dc r categories
0000000000030ad0 0000000000000010 r zeroes.0
0000000000030ae0 0000000000000010 r blanks.1
0000000000030af0 r __tls_align
0000000000030af8 r __EH_FRAME_BEGIN__
0000000000030af8 r __eh_frame_hdr_end
0000000000030af8 r __eh_frame_hdr_start
00000000000365cc r __FRAME_END__
0000000000037000 d __frame_dummy_init_array_entry
0000000000037000 d __init_array_start
0000000000037000 d __preinit_array_end
0000000000037000 d __preinit_array_start
0000000000037000 d __relro_start
0000000000037008 d __do_global_dtors_aux_fini_array_entry
0000000000037008 d __fini_array_start
0000000000037008 d __init_array_end
0000000000037010 0000000000000100 d dotab_stdout
0000000000037010 d __fini_array_end
0000000000037110 0000000000000100 d fsdev_devoptab
0000000000037210 0000000000000100 D dotab_stdnull
0000000000037310 a _DYNAMIC
0000000000037430 a _GLOBAL_OFFSET_TABLE_
0000000000037430 d __got_start__
00000000000376d0 d __got_end__
0000000000038000 d __data_start
0000000000038000 0000000000000008 V __nx_applet_init_timeout
0000000000038008 0000000000000001 V __nx_applet_auto_notifyrunning
000000000003800c 0000000000000004 V __nx_applet_type
0000000000038010 0000000000000008 d currentConsole
0000000000038018 0000000000000050 d defaultConsole
0000000000038068 0000000000000088 d s_consoleSwRenderer
00000000000380f0 0000000000000008 V __nx_exception_stack_size
00000000000380f8 0000000000000001 V __nx_fsdev_support_cwd
00000000000380fc 0000000000000004 V __nx_fsdev_direntry_cache_size
0000000000038100 0000000000000004 V __nx_fs_num_sessions
0000000000038104 0000000000000004 V __nx_nv_transfermem_size
0000000000038108 0000000000000004 V __nx_nv_service_type
000000000003810c 0000000000000004 d g_viServiceType
0000000000038110 0000000000000004 V __nx_vi_stray_layer_flags
0000000000038114 0000000000000004 d g_ctrl_fd
0000000000038118 0000000000000004 d g_nvmap_fd
0000000000038120 0000000000000008 D _impure_ptr
0000000000038128 0000000000000160 D _impure_data
0000000000038288 0000000000000018 D __sglue
00000000000382a0 0000000000000008 D __malloc_sbrk_base
00000000000382a8 0000000000000008 D __malloc_trim_threshold
00000000000382b0 0000000000000810 D __malloc_av_
0000000000038ac0 00000000000001a8 D __global_locale
0000000000038c68 0000000000000008 D environ
0000000000038c70 0000000000000400 d _current_working_directory
0000000000039070 0000000000002000 d handles
000000000003b070 0000000000000010 d __stderr_handle
000000000003b080 0000000000000010 d __stdout_handle
000000000003b090 0000000000000010 d __stdin_handle
000000000003b0a0 0000000000000118 D devoptab_list
000000000003b1b8 0000000000000004 d defaultDevice
000000000003b1c0 b __bss_start__
000000000003b1c0 b completed.1
000000000003b1c0 d __tdata_lma
000000000003b1c0 d __tdata_lma_end
000000000003b1c8 b object.0
000000000003b1f8 0000000000000008 b g_appletGuard
000000000003b200 0000000000000001 b g_appletInfoInitialized
000000000003b208 0000000000000050 b g_appletInfo
000000000003b258 0000000000000004 b g_appletCpuBoostMode
000000000003b260 000000000000000c b g_appletLibraryAppletLaunchableEvent
000000000003b26c 0000000000000001 b g_appletSuspendedTickInitialized
000000000003b270 0000000000000008 b g_appletSuspendedTick
000000000003b278 0000000000000008 b g_appletInitTickBase
000000000003b280 000000000000000c b g_appletSuspendedTickEvent
000000000003b28c 0000000000000001 b g_appletCopyrightInitialized
000000000003b290 0000000000000028 b g_appletCopyrightTmem
000000000003b2b8 0000000000000004 b g_appletRecordingInitialized
000000000003b2c0 0000000000000028 b g_appletRecordingTmem
000000000003b2e8 0000000000000018 b g_appletFirstHook
000000000003b300 0000000000000001 b g_appletNotifiedRunning
000000000003b301 0000000000000001 b g_appletFocusState
000000000003b304 0000000000000004 b g_appletPerformanceMode
000000000003b308 0000000000000001 b g_appletOperationMode
000000000003b310 0000000000000008 b g_appletResourceUserId
000000000003b318 000000000000000c b g_appletMessageEvent
000000000003b328 0000000000000010 b g_appletIDebugFunctions
000000000003b338 0000000000000010 b g_appletIDisplayController
000000000003b348 0000000000000010 b g_appletIAudioController
000000000003b358 0000000000000010 b g_appletIWindowController
000000000003b368 0000000000000010 b g_appletISelfController
000000000003b378 0000000000000010 b g_appletICommonStateGetter
000000000003b388 0000000000000010 b g_appletILibraryAppletCreator
000000000003b398 0000000000000010 b g_appletIProcessWindingController
000000000003b3a8 0000000000000010 b g_appletILibraryAppletSelfAccessor
000000000003b3b8 0000000000000010 b g_appletIApplicationCreator
000000000003b3c8 0000000000000010 b g_appletIGlobalStateController
000000000003b3d8 0000000000000010 b g_appletIFunctions
000000000003b3e8 0000000000000010 b g_appletIAppletCommonFunctions
000000000003b3f8 0000000000000004 b g_appletExitProcessResult
000000000003b3fc 0000000000000001 b g_appletExitProcessFlag
000000000003b3fd 0000000000000001 b g_appletLeftInitialized
000000000003b400 0000000000000010 b g_appletProxySession
000000000003b410 0000000000000010 b g_appletSrv
000000000003b420 0000000000000004 V __nx_applet_exit_mode
000000000003b428 0000000000000008 V __nx_applet_PerformanceConfiguration
000000000003b430 0000000000000080 V __nx_applet_AppletAttribute
000000000003b4b0 0000000000000008 b g_smGuard
000000000003b4b8 0000000000000008 b g_smOverridesNum
000000000003b4c0 0000000000000180 b g_smOverrides
000000000003b640 0000000000000010 b g_smSrv
000000000003b650 0000000000000008 b g_userIdStorage
000000000003b660 0000000000000010 b g_randomSeed
000000000003b670 0000000000000001 b g_hasRandomSeed
000000000003b674 0000000000000004 b g_lastLoadResult
000000000003b678 0000000000000008 b g_nextLoadArgv
000000000003b680 0000000000000008 b g_nextLoadPath
000000000003b688 0000000000000004 b g_processHandle
000000000003b690 0000000000000018 b g_syscallHints
000000000003b6a8 0000000000000008 b g_overrideArgv
000000000003b6b0 0000000000000008 b g_overrideHeapSize
000000000003b6b8 0000000000000008 b g_overrideHeapAddr
000000000003b6c0 0000000000000008 b g_loaderRetAddr
000000000003b6c8 0000000000000004 b g_mainThreadHandle
000000000003b6d0 0000000000000008 b g_loaderInfoSize
000000000003b6d8 0000000000000008 b g_loaderInfo
000000000003b6e0 0000000000000001 b g_isNso
000000000003b6e4 0000000000000004 b g_hosVersion
000000000003b6e8 0000000000000001 b didFirstConsoleInit.0
000000000003b6f0 0000000000000050 b currentCopy
000000000003b740 B __stack_top
000000000003b748 0000000000000001 b g_IsLegacyKernel
000000000003b750 0000000000000008 b g_Reservations
000000000003b760 0000000000000010 b g_StackRegion
000000000003b770 0000000000000010 b g_AslrRegion
000000000003b780 0000000000000010 b g_HeapRegion
000000000003b790 0000000000000010 b g_AliasRegion
000000000003b7a0 0000000000000004 b g_VirtmemMutex
000000000003b7a8 0000000000000008 b g_apmGuard
000000000003b7b0 0000000000000010 b g_apmISession
000000000003b7c0 0000000000000010 b g_apmSrv
000000000003b7d0 0000000000000008 b g_hidGuard
000000000003b7d8 0000000000000008 b g_sevenSixAxisSensorBuffer
000000000003b7e0 0000000000000020 b g_hidSharedmem
000000000003b800 0000000000000010 b g_hidIActiveVibrationDeviceList
000000000003b810 0000000000000010 b g_hidIAppletResource
000000000003b820 0000000000000010 b g_hidSrv
000000000003b830 0000000000000080 b g_defaultWin
000000000003b8b0 0000000000000010 b g_viLayer
000000000003b8c0 0000000000000050 b g_viDisplay
000000000003b910 0000000000000008 b g_argv_empty
000000000003b918 0000000000000008 B __system_argv
000000000003b920 0000000000000004 B __system_argc
000000000003b930 0000000000000340 B __nx_exceptiondump
000000000003bc70 0000000000000004 V __nx_exception_ignoredebug
000000000003bc80 0000000000000400 V __nx_exception_stack
000000000003c080 0000000000000008 V __nx_heap_size
000000000003c088 0000000000000008 b __bootticks
000000000003c090 0000000000000008 b __boottime
000000000003c098 0000000000000004 V __nx_time_type
000000000003c0a0 0000000000000004 B __nxlink_host
000000000003c0a8 0000000000002800 b fsdev_fsdevices
000000000003e8a8 0000000000000004 b fsdev_fsdevice_cwd
000000000003e8ac 0000000000000001 b fsdev_initialised
000000000003e8b0 0000000000000004 b g_randMutex
000000000003e8b4 0000000000000001 b g_randInit
000000000003e8c0 0000000000000040 b g_chacha
000000000003e900 0000000000000038 b g_mainThread
000000000003e938 0000000000000008 b g_threadList
000000000003e940 0000000000000004 b g_threadMutex
000000000003e948 0000000000000008 b g_fsGuard
000000000003e950 0000000000000054 b g_fsSessionMgr
000000000003e9a8 0000000000000010 b g_fsSrv
000000000003e9b8 0000000000000008 b g_nvGuard
000000000003e9c0 0000000000000028 b g_nvTransfermem
000000000003e9e8 0000000000000010 b g_nvSrvClone
000000000003e9f8 0000000000000010 b g_nvSrv
000000000003ea08 0000000000000008 b g_setsysGuard
000000000003ea10 0000000000000010 b g_setsysSrv
000000000003ea20 0000000000000008 b g_timeGuard
000000000003ea28 0000000000000020 b g_timeSharedmem
000000000003ea48 0000000000000010 b g_timeLocalSystemClock
000000000003ea58 0000000000000010 b g_timeTimeZoneService
000000000003ea68 0000000000000010 b g_timeSteadyClock
000000000003ea78 0000000000000010 b g_timeNetworkSystemClock
000000000003ea88 0000000000000010 b g_timeUserSystemClock
000000000003ea98 0000000000000010 b g_timeSrv
000000000003eaa8 0000000000000004 V __nx_time_service_type
000000000003eab0 0000000000000008 b g_viGuard
000000000003eab8 0000000000000010 b g_viIHOSBinderDriverIndirect
000000000003eac8 0000000000000010 b g_viIManagerDisplayService
000000000003ead8 0000000000000010 b g_viISystemDisplayService
000000000003eae8 0000000000000010 b g_viIHOSBinderDriverRelay
000000000003eaf8 0000000000000010 b g_viIApplicationDisplayService
000000000003eb08 0000000000000010 b g_viRootService
000000000003eb18 0000000000000008 V __nx_vi_layer_id
000000000003eb20 0000000000000008 b g_nvFenceGuard
000000000003eb28 0000000000000300 b g_NvEvents
000000000003ee28 0000000000000008 b g_NvEventUsedMask
000000000003ee30 0000000000000008 b g_nvMapGuard
000000000003ee38 000000000000000c b __sfp_recursive_mutex
000000000003ee48 0000000000000228 B __sf
000000000003f070 0000000000000008 B __stdio_exit_handler
000000000003f078 0000000000000028 B __malloc_current_mallinfo
000000000003f0a0 0000000000000008 B __malloc_max_total_mem
000000000003f0a8 0000000000000008 B __malloc_max_sbrked_mem
000000000003f0b0 0000000000000008 B __malloc_top_pad
000000000003f0b8 000000000000000c b __malloc_recursive_mutex
000000000003f0c4 0000000000000004 b alloced.0
000000000003f0c8 000000000000000c b __env_recursive_mutex
000000000003f0d8 0000000000000008 b initial_env
000000000003f0e0 0000000000000400 b temp_cwd
000000000003f4e0 0000000000000004 b __hndl_lock
000000000003f4e8 0000000000000008 B fake_heap_start
000000000003f4f0 0000000000000008 B fake_heap_end
000000000003f4f8 0000000000000008 b heap_start.0
000000000003f500 b __tls_start
000000000003f910 b __bss_end__
000000000003f910 a __end__
000000000003f910 b __tls_end
0000000000040000 a __argdata__
